info: app listening to port 4000 {"timestamp":"2020-02-29 20:16:28"}
info: app listening to port 4000 {"timestamp":"2020-02-29 20:18:31"}
info: app listening to port 4000 {"timestamp":"2020-02-29 20:39:53"}
info: app listening to port 4000 {"timestamp":"2020-02-29 20:40:19"}
info: app listening to port 4000 {"timestamp":"2020-02-29 20:44:16"}
info: app listening to port 4000 {"timestamp":"2020-02-29 20:45:41"}
info: app listening to port 4000 {"timestamp":"2020-02-29 20:46:53"}
info: app listening to port 4000 {"timestamp":"2020-02-29 20:50:39"}
info: app listening to port 4000 {"timestamp":"2020-02-29 20:53:32"}
info: app listening to port 4000 {"timestamp":"2020-02-29 20:54:02"}
info: app listening to port 4000 {"timestamp":"2020-02-29 20:55:16"}
info: app listening to port 4000 {"timestamp":"2020-02-29 20:57:41"}
info: app listening to port 4000 {"timestamp":"2020-02-29 21:00:05"}
info: app listening to port 4000 {"timestamp":"2020-02-29 21:04:13"}
info: app listening to port 4000 {"timestamp":"2020-02-29 21:04:33"}
info: app listening to port 4000 {"timestamp":"2020-02-29 21:06:05"}
info: app listening to port 4000 {"timestamp":"2020-02-29 21:06:24"}
info: app listening to port 4000 {"timestamp":"2020-02-29 21:06:52"}
info: app listening to port 4000 {"timestamp":"2020-02-29 21:07:08"}
info: app listening to port 4000 {"timestamp":"2020-02-29 21:07:55"}
info: app listening to port 4000 {"timestamp":"2020-02-29 21:09:30"}
info: app listening to port 4000 {"timestamp":"2020-02-29 21:09:46"}
info: app listening to port 4000 {"timestamp":"2020-02-29 21:10:23"}
info: app listening to port 4000 {"timestamp":"2020-02-29 21:11:15"}
info: app listening to port 4000 {"timestamp":"2020-02-29 21:11:50"}
info: app listening to port 4000 {"timestamp":"2020-02-29 21:12:08"}
info: app listening to port 4000 {"timestamp":"2020-02-29 21:12:28"}
info: app listening to port 4000 {"timestamp":"2020-02-29 21:12:42"}
info: app listening to port 4000 {"timestamp":"2020-02-29 21:13:17"}
info: app listening to port 4000 {"timestamp":"2020-02-29 21:14:05"}
info: app listening to port 4000 {"timestamp":"2020-02-29 21:15:20"}
info: app listening to port 4000 {"timestamp":"2020-02-29 21:15:46"}
error: 500 res.send is not a function {"service":"General-Service","timestamp":"2020-02-29 21:15:51"}
info: app listening to port 4000 {"timestamp":"2020-02-29 21:16:42"}
info: app listening to port 4000 {"timestamp":"2020-02-29 21:17:28"}
error: 500 ENOENT: no such file or directory, open 'C:\Users\Joshua Ven\Documents\GitHub\speak-listen-cebuano\api/public/uploads/4-1582982255294.wav' {"service":"General-Service","timestamp":"2020-02-29 21:17:43"}
info: app listening to port 4000 {"timestamp":"2020-02-29 21:20:38"}
error: 500 ENOENT: no such file or directory, open 'C:\Users\Joshua Ven\Documents\GitHub\speak-listen-cebuano\api/public/uploads/0-1582982441791.wav' {"service":"General-Service","timestamp":"2020-02-29 21:20:48"}
info: app listening to port 4000 {"timestamp":"2020-02-29 21:21:59"}
error: 500 ENOENT: no such file or directory, open 'C:\Users\Joshua Ven\Documents\GitHub\speak-listen-cebuano\api../public/uploads/4-1582982522082.wav' {"service":"General-Service","timestamp":"2020-02-29 21:22:08"}
info: app listening to port 4000 {"timestamp":"2020-02-29 21:24:09"}
error: 500 err is not defined {"service":"General-Service","timestamp":"2020-02-29 21:24:24"}
info: app listening to port 4000 {"timestamp":"2020-02-29 21:25:14"}
info: app listening to port 4000 {"timestamp":"2020-02-29 21:26:41"}
info: app listening to port 4000 {"timestamp":"2020-02-29 21:29:34"}
info: app listening to port 4000 {"timestamp":"2020-02-29 21:29:49"}
info: app listening to port 4000 {"timestamp":"2020-02-29 21:32:26"}
info: app listening to port 4000 {"timestamp":"2020-02-29 21:37:36"}
info: app listening to port 4000 {"timestamp":"2020-02-29 21:41:03"}
info: app listening to port 4000 {"timestamp":"2020-02-29 21:41:47"}
info: app listening to port 4000 {"timestamp":"2020-02-29 21:42:30"}
info: app listening to port 4000 {"timestamp":"2020-02-29 21:43:08"}
info: app listening to port 4000 {"timestamp":"2020-02-29 21:43:22"}
info: app listening to port 4000 {"timestamp":"2020-02-29 21:44:12"}
info: app listening to port 4000 {"timestamp":"2020-02-29 21:47:37"}
info: app listening to port 4000 {"timestamp":"2020-02-29 21:52:22"}
info: app listening to port 4000 {"timestamp":"2020-02-29 21:52:28"}
info: app listening to port 4000 {"timestamp":"2020-02-29 21:53:11"}
info: app listening to port 4000 {"timestamp":"2020-02-29 21:55:02"}
info: app listening to port 4000 {"timestamp":"2020-02-29 21:55:32"}
info: app listening to port 4000 {"timestamp":"2020-02-29 21:56:34"}
info: app listening to port 4000 {"timestamp":"2020-02-29 21:58:22"}
info: app listening to port 4000 {"timestamp":"2020-02-29 21:58:33"}
info: app listening to port 4000 {"timestamp":"2020-02-29 21:59:37"}
info: app listening to port 4000 {"timestamp":"2020-02-29 22:01:11"}
info: app listening to port 4000 {"timestamp":"2020-02-29 22:01:57"}
info: app listening to port 4000 {"timestamp":"2020-02-29 22:02:38"}
info: app listening to port 4000 {"timestamp":"2020-02-29 22:04:41"}
error: 500 Unexpected token o in JSON at position 1 {"service":"General-Service","timestamp":"2020-02-29 22:04:47"}
info: app listening to port 4000 {"timestamp":"2020-02-29 22:05:33"}
info: app listening to port 4000 {"timestamp":"2020-02-29 22:05:54"}
info: app listening to port 4000 {"timestamp":"2020-02-29 22:06:19"}
info: app listening to port 4000 {"timestamp":"2020-02-29 22:07:25"}
info: app listening to port 4000 {"timestamp":"2020-02-29 22:08:49"}
info: app listening to port 4000 {"timestamp":"2020-02-29 22:09:18"}
info: app listening to port 4000 {"timestamp":"2020-02-29 22:12:03"}
info: app listening to port 4000 {"timestamp":"2020-02-29 22:15:15"}
info: app listening to port 4000 {"timestamp":"2020-02-29 22:16:04"}
info: app listening to port 4000 {"timestamp":"2020-02-29 22:16:07"}
info: app listening to port 4000 {"timestamp":"2020-02-29 22:17:24"}
info: app listening to port 4000 {"timestamp":"2020-02-29 22:22:59"}
info: app listening to port 4000 {"timestamp":"2020-02-29 22:23:08"}
info: app listening to port 4000 {"timestamp":"2020-02-29 22:24:55"}
info: app listening to port 4000 {"timestamp":"2020-02-29 22:25:04"}
error: 500 speakLogger is not a function {"service":"General-Service","timestamp":"2020-02-29 22:25:17"}
info: app listening to port 4000 {"timestamp":"2020-02-29 22:26:05"}
info: app listening to port 4000 {"timestamp":"2020-02-29 22:28:11"}
info: app listening to port 4000 {"timestamp":"2020-02-29 22:29:16"}
info: app listening to port 4000 {"timestamp":"2020-02-29 22:30:12"}
info: app listening to port 4000 {"timestamp":"2020-02-29 22:33:45"}
info: app listening to port 4000 {"timestamp":"2020-02-29 22:38:11"}
info: app listening to port 4000 {"timestamp":"2020-02-29 22:44:16"}
