info: fetching directory: ./public/uploads {"service":"Listen-Service","timestamp":"2020-02-29 22:56:38"}
info: Files loaded successfully! {"service":"Listen-Service","timestamp":"2020-02-29 22:56:38"}
info: fetching directory: ./public/uploads {"service":"Listen-Service","timestamp":"2020-02-29 23:01:25"}
info: Files loaded successfully! {"service":"Listen-Service","timestamp":"2020-02-29 23:01:25"}
info: fetching directory: ./public/uploads {"service":"Listen-Service","timestamp":"2020-02-29 23:01:57"}
info: Files loaded successfully! {"service":"Listen-Service","timestamp":"2020-02-29 23:01:57"}
info: Filenames loaded to client {"timestamp":"2020-02-29 23:01:57"}
info: fetching directory: ./public/uploads {"service":"Listen-Service","timestamp":"2020-02-29 23:08:53"}
info: Files loaded successfully! {"service":"Listen-Service","timestamp":"2020-02-29 23:08:53"}
info: Filenames loaded to client {"timestamp":"2020-02-29 23:08:53"}
info: Accessing listen service {"timestamp":"2020-02-29 23:08:54"}
info: fetching directory: ./public/uploads {"service":"Listen-Service","timestamp":"2020-02-29 23:10:13"}
info: Files loaded successfully! {"service":"Listen-Service","timestamp":"2020-02-29 23:10:13"}
info: Accessing listen service {"timestamp":"2020-02-29 23:10:13"}
info: Filenames loaded to client {"timestamp":"2020-02-29 23:10:13"}
info: fetching directory: ./public/uploads {"service":"Listen-Service","timestamp":"2020-02-29 23:11:30"}
info: Files loaded successfully! {"service":"Listen-Service","timestamp":"2020-02-29 23:11:30"}
info: Accessing listen service {"timestamp":"2020-02-29 23:11:31"}
info: Filenames loaded to client {"timestamp":"2020-02-29 23:11:31"}
info: fetching directory: ./public/uploads {"service":"Listen-Service","timestamp":"2020-02-29 23:13:37"}
info: Files loaded successfully! {"service":"Listen-Service","timestamp":"2020-02-29 23:13:37"}
info: Filenames loaded to client {"timestamp":"2020-02-29 23:13:37"}
info: Accessing listen service {"timestamp":"2020-02-29 23:13:37"}
info: fetching directory: ./public/uploads {"service":"Listen-Service","timestamp":"2020-02-29 23:14:13"}
info: Files loaded successfully! {"service":"Listen-Service","timestamp":"2020-02-29 23:14:13"}
info: Accessing listen service {"timestamp":"2020-02-29 23:14:13"}
info: Filenames loaded to client {"timestamp":"2020-02-29 23:14:13"}
info: fetching directory: ./public/uploads {"service":"Listen-Service","timestamp":"2020-02-29 23:16:40"}
info: Files loaded successfully! {"service":"Listen-Service","timestamp":"2020-02-29 23:16:40"}
info: Accessing listen service {"timestamp":"2020-02-29 23:16:40"}
info: Filenames loaded to client {"timestamp":"2020-02-29 23:16:40"}
info: fetching directory: ./public/uploads {"service":"Listen-Service","timestamp":"2020-02-29 23:18:36"}
info: Files loaded successfully! {"service":"Listen-Service","timestamp":"2020-02-29 23:18:36"}
info: Accessing listen service {"timestamp":"2020-02-29 23:18:36"}
info: Filenames loaded to client {"timestamp":"2020-02-29 23:18:36"}
info: fetching directory: ./public/uploads {"service":"Listen-Service","timestamp":"2020-02-29 23:19:30"}
info: Files loaded successfully! {"service":"Listen-Service","timestamp":"2020-02-29 23:19:30"}
info: Accessing listen service {"timestamp":"2020-02-29 23:19:30"}
info: Filenames loaded to client {"timestamp":"2020-02-29 23:19:30"}
info: fetching directory: ./public/uploads {"service":"Listen-Service","timestamp":"2020-02-29 23:29:13"}
info: Files loaded successfully! {"service":"Listen-Service","timestamp":"2020-02-29 23:29:13"}
info: Filenames loaded to client {"timestamp":"2020-02-29 23:29:14"}
info: Accessing listen service {"timestamp":"2020-02-29 23:29:14"}
info: fetching directory: ./public/uploads {"service":"Listen-Service","timestamp":"2020-02-29 23:30:32"}
info: Files loaded successfully! {"service":"Listen-Service","timestamp":"2020-02-29 23:30:32"}
info: Filenames loaded to client {"timestamp":"2020-02-29 23:30:32"}
info: Accessing listen service {"timestamp":"2020-02-29 23:30:33"}
info: fetching directory: ./public/uploads {"service":"Listen-Service","timestamp":"2020-02-29 23:31:18"}
info: Files loaded successfully! {"service":"Listen-Service","timestamp":"2020-02-29 23:31:18"}
info: Filenames loaded to client {"timestamp":"2020-02-29 23:31:19"}
info: Accessing listen service {"timestamp":"2020-02-29 23:31:19"}
info: fetching directory: ./public/uploads {"service":"Listen-Service","timestamp":"2020-02-29 23:32:32"}
info: Files loaded successfully! {"service":"Listen-Service","timestamp":"2020-02-29 23:32:32"}
info: Filenames loaded to client {"timestamp":"2020-02-29 23:32:32"}
info: Accessing listen service {"timestamp":"2020-02-29 23:32:32"}
info: fetching directory: ./public/uploads {"service":"Listen-Service","timestamp":"2020-02-29 23:33:50"}
info: Files loaded successfully! {"service":"Listen-Service","timestamp":"2020-02-29 23:33:50"}
info: Accessing listen service {"timestamp":"2020-02-29 23:33:51"}
info: Filenames loaded to client {"timestamp":"2020-02-29 23:33:51"}
info: fetching directory: ./public/uploads {"service":"Listen-Service","timestamp":"2020-02-29 23:36:35"}
info: Files loaded successfully! {"service":"Listen-Service","timestamp":"2020-02-29 23:36:35"}
info: Accessing listen service {"timestamp":"2020-02-29 23:36:35"}
info: Filenames loaded to client {"timestamp":"2020-02-29 23:36:35"}
info: fetching directory: ./public/uploads {"service":"Listen-Service","timestamp":"2020-02-29 23:43:29"}
info: Files loaded successfully! {"service":"Listen-Service","timestamp":"2020-02-29 23:43:29"}
info: Filenames loaded to client {"timestamp":"2020-02-29 23:43:29"}
info: Accessing listen service {"timestamp":"2020-02-29 23:43:29"}
info: fetching directory: ./public/uploads {"service":"Listen-Service","timestamp":"2020-02-29 23:43:52"}
info: Files loaded successfully! {"service":"Listen-Service","timestamp":"2020-02-29 23:43:52"}
info: Accessing listen service {"timestamp":"2020-02-29 23:43:53"}
info: Filenames loaded to client {"timestamp":"2020-02-29 23:43:53"}
info: Sentence loaded: Unsa ang jeep sakyan padung sa pier? {"timestamp":"2020-02-29 23:43:53"}
info: fetching directory: ./public/uploads {"service":"Listen-Service","timestamp":"2020-02-29 23:45:56"}
info: Files loaded successfully! {"service":"Listen-Service","timestamp":"2020-02-29 23:45:56"}
info: Accessing listen service {"timestamp":"2020-02-29 23:45:57"}
info: Filenames loaded to client {"timestamp":"2020-02-29 23:45:57"}
info: Sentence loaded: Unsa ang jeep sakyan padung sa pier? {"timestamp":"2020-02-29 23:45:57"}
info: Sentence loaded: Salamat kaayo! {"timestamp":"2020-02-29 23:45:59"}
info: Sentence loaded: Palihug hinay-hinaya pagsulti {"timestamp":"2020-02-29 23:46:00"}
info: Sentence loaded: Palihug hinay-hinaya pagsulti {"timestamp":"2020-02-29 23:46:01"}
info: Sentence loaded: Mangaon ta ninyo! {"timestamp":"2020-02-29 23:46:01"}
info: Sentence loaded: Unsa ang jeep sakyan padung sa pier? {"timestamp":"2020-02-29 23:46:02"}
info: Sentence loaded: Salamat kaayo! {"timestamp":"2020-02-29 23:46:03"}
info: Sentence loaded: Palihug hinay-hinaya pagsulti {"timestamp":"2020-02-29 23:46:04"}
info: Sentence loaded: Palihug hinay-hinaya pagsulti {"timestamp":"2020-02-29 23:46:04"}
info: fetching directory: ./public/uploads {"service":"Listen-Service","timestamp":"2020-02-29 23:48:40"}
info: Files loaded successfully! {"service":"Listen-Service","timestamp":"2020-02-29 23:48:40"}
info: Accessing listen service {"timestamp":"2020-02-29 23:48:40"}
info: Filenames loaded to client {"timestamp":"2020-02-29 23:48:40"}
info: Sentence loaded: Unsa ang jeep sakyan padung sa pier? {"timestamp":"2020-02-29 23:48:40"}
